<?xml version="1.0" encoding="UTF-8"?>
<!-- Generated by org.testng.reporters.JUnitReportReporter -->
<testsuite hostname="Prabu-VAIO" failures="0" tests="1" name="resources.Utilities" time="25.632" errors="0" timestamp="2020-04-11T11:33:07 IST" skipped="0">
  <testcase classname="resources.Utilities" name="getToken" time="25.632"/>
  <system-out/>
</testsuite> <!-- resources.Utilities -->
