<?xml version="1.0" encoding="UTF-8"?>
<!-- Generated by org.testng.reporters.JUnitReportReporter -->
<testsuite skipped="0" hostname="DESKTOP-S399T5F" name="tests.UploadAPI" tests="1" failures="0" timestamp="08 Apr 2020 07:42:14 GMT" time="2.382" errors="0">
  <testcase name="uploadFile" time="2.382" classname="tests.UploadAPI"/>
</testsuite> <!-- tests.UploadAPI -->
