<?xml version="1.0" encoding="UTF-8"?>
<!-- Generated by org.testng.reporters.JUnitReportReporter -->
<testsuite skipped="0" hostname="DESKTOP-S399T5F" name="testCases.DeleteScenario" tests="1" failures="0" timestamp="11 Apr 2020 20:00:14 GMT" time="5.255" errors="0">
  <testcase name="deleteFile" time="5.255" classname="testCases.DeleteScenario"/>
</testsuite> <!-- testCases.DeleteScenario -->
