<?xml version="1.0" encoding="UTF-8"?>
<!-- Generated by org.testng.reporters.JUnitReportReporter -->
<testsuite skipped="0" hostname="DESKTOP-S399T5F" name="tests.TestRun" tests="1" failures="0" timestamp="07 Apr 2020 16:21:27 GMT" time="0.006" errors="0">
  <testcase name="sampleTest" time="0.006" classname="tests.TestRun"/>
</testsuite> <!-- tests.TestRun -->
