<?xml version="1.0" encoding="UTF-8"?>
<!-- Generated by org.testng.reporters.JUnitReportReporter -->
<testsuite skipped="0" hostname="DESKTOP-S399T5F" name="tests.FunctionalUploadToken" tests="3" failures="0" timestamp="10 Apr 2020 15:01:02 GMT" time="3.107" errors="0">
  <testcase name="uploadInvalidTokenGet" time="1.319" classname="tests.FunctionalUploadToken"/>
  <testcase name="uploadInvalidTokenPut" time="1.540" classname="tests.FunctionalUploadToken"/>
  <testcase name="uploadInvalidTokenPost" time="0.248" classname="tests.FunctionalUploadToken"/>
</testsuite> <!-- tests.FunctionalUploadToken -->
