<?xml version="1.0" encoding="UTF-8"?>
<!-- Generated by org.testng.reporters.JUnitReportReporter -->
<testsuite skipped="0" hostname="DESKTOP-S399T5F" name="tests.E2EUpload" tests="1" failures="0" timestamp="10 Apr 2020 15:01:02 GMT" time="3.764" errors="0">
  <testcase name="uploadFiletillComplete" time="3.764" classname="tests.E2EUpload"/>
</testsuite> <!-- tests.E2EUpload -->
