<?xml version="1.0" encoding="UTF-8"?>
<!-- Generated by org.testng.reporters.JUnitReportReporter -->
<testsuite skipped="0" hostname="DESKTOP-S399T5F" name="tests.FunctionalUploadFile" tests="2" failures="0" timestamp="10 Apr 2020 15:01:02 GMT" time="3.399" errors="0">
  <testcase name="uploadFileSizeZero" time="1.274" classname="tests.FunctionalUploadFile"/>
  <testcase name="reduceBytesAfterComplete" time="2.125" classname="tests.FunctionalUploadFile"/>
</testsuite> <!-- tests.FunctionalUploadFile -->
