<?xml version="1.0" encoding="UTF-8"?>
<!-- Generated by org.testng.reporters.JUnitReportReporter -->
<testsuite skipped="0" hostname="DESKTOP-S399T5F" name="tests.UploadE2E" tests="1" failures="0" timestamp="10 Apr 2020 05:57:09 GMT" time="3.650" errors="0">
  <testcase name="uploadFiletillComplete" time="3.650" classname="tests.UploadE2E"/>
</testsuite> <!-- tests.UploadE2E -->
