<?xml version="1.0" encoding="UTF-8"?>
<!-- Generated by org.testng.reporters.JUnitReportReporter -->
<testsuite skipped="0" hostname="DESKTOP-S399T5F" name="testCases.FilesShareScenario" tests="2" failures="0" timestamp="11 Apr 2020 19:57:46 GMT" time="17.109" errors="0">
  <testcase name="approveShare" time="8.751" classname="testCases.FilesShareScenario"/>
  <testcase name="rejectShare" time="8.358" classname="testCases.FilesShareScenario"/>
</testsuite> <!-- testCases.FilesShareScenario -->
