<?xml version="1.0" encoding="UTF-8"?>
<!-- Generated by org.testng.reporters.JUnitReportReporter -->
<testsuite skipped="0" hostname="DESKTOP-S399T5F" name="testCases.UploadFileScenario" tests="1" failures="0" timestamp="11 Apr 2020 20:14:15 GMT" time="9.919" errors="0">
  <testcase name="uploadFile" time="9.919" classname="testCases.UploadFileScenario"/>
</testsuite> <!-- testCases.UploadFileScenario -->
