<?xml version="1.0" encoding="UTF-8"?>
<!-- Generated by org.testng.reporters.JUnitReportReporter -->
<testsuite skipped="0" hostname="DESKTOP-S399T5F" name="testCases.FilesShareScenario" tests="2" failures="0" timestamp="11 Apr 2020 20:14:15 GMT" time="20.133" errors="0">
  <testcase name="rejectShare" time="8.718" classname="testCases.FilesShareScenario"/>
  <testcase name="approveShare" time="11.415" classname="testCases.FilesShareScenario"/>
</testsuite> <!-- testCases.FilesShareScenario -->
