<?xml version="1.0" encoding="UTF-8"?>
<!-- Generated by org.testng.reporters.JUnitReportReporter -->
<testsuite skipped="0" hostname="DESKTOP-S399T5F" name="tests.UploadE2E" tests="1" failures="0" timestamp="08 Apr 2020 13:22:53 GMT" time="4.364" errors="0">
  <testcase name="uploadFiletillComplete" time="4.364" classname="tests.UploadE2E"/>
</testsuite> <!-- tests.UploadE2E -->
